Running from: /usr/share/jenkins/jenkins.war
webroot: EnvVars.masterEnvVars.get("JENKINS_HOME")
Dec 28, 2017 8:21:56 AM winstone.Logger logInternal
INFO: Beginning extraction from war file
Dec 28, 2017 8:21:57 AM org.eclipse.jetty.util.log.JavaUtilLog info
INFO: jetty-winstone-2.8
Dec 28, 2017 8:21:59 AM org.eclipse.jetty.util.log.JavaUtilLog info
INFO: NO JSP Support for , did not find org.apache.jasper.servlet.JspServlet
Jenkins home directory: /var/jenkins_home found at: EnvVars.masterEnvVars.get("JENKINS_HOME")
Dec 28, 2017 8:22:00 AM org.eclipse.jetty.util.log.JavaUtilLog info
INFO: Started SelectChannelConnector@0.0.0.0:8080
Dec 28, 2017 8:22:00 AM winstone.Logger logInternal
INFO: Winstone Servlet Engine v2.0 running: controlPort=disabled
Dec 28, 2017 8:22:00 AM jenkins.InitReactorRunner$1 onAttained
INFO: Started initialization
Dec 28, 2017 8:22:09 AM jenkins.InitReactorRunner$1 onAttained
INFO: Listed all plugins
Dec 28, 2017 8:22:09 AM jenkins.InitReactorRunner$1 onAttained
INFO: Prepared all plugins
Dec 28, 2017 8:22:09 AM jenkins.InitReactorRunner$1 onAttained
INFO: Started all plugins
Dec 28, 2017 8:22:09 AM jenkins.InitReactorRunner$1 onAttained
INFO: Augmented all extensions
Dec 28, 2017 8:22:11 AM jenkins.InitReactorRunner$1 onAttained
INFO: Loaded all jobs
Dec 28, 2017 8:22:11 AM hudson.model.AsyncPeriodicWork$1 run
INFO: Started Download metadata
Dec 28, 2017 8:22:12 AM jenkins.util.groovy.GroovyHookScript execute
INFO: Executing /var/jenkins_home/init.groovy.d/tcp-slave-agent-port.groovy
Dec 28, 2017 8:22:16 AM org.jenkinsci.main.modules.sshd.SSHD start
INFO: Started SSHD at port 34563
Dec 28, 2017 8:22:16 AM jenkins.InitReactorRunner$1 onAttained
INFO: Completed initialization
Dec 28, 2017 8:22:16 AM hudson.WebAppMain$3 run
INFO: Jenkins is fully up and running
Dec 28, 2017 8:22:17 AM hudson.model.UpdateSite updateData
INFO: Obtained the latest update center data file for UpdateSource default
Dec 28, 2017 8:22:17 AM hudson.model.DownloadService$Downloadable load
INFO: Obtained the updated data file for hudson.tasks.Maven.MavenInstaller
Dec 28, 2017 8:22:17 AM hudson.model.DownloadService$Downloadable load
INFO: Obtained the updated data file for hudson.tasks.Ant.AntInstaller
Dec 28, 2017 8:22:18 AM hudson.model.DownloadService$Downloadable load
INFO: Obtained the updated data file for hudson.tools.JDKInstaller
Dec 28, 2017 8:22:18 AM hudson.model.AsyncPeriodicWork$1 run
INFO: Finished Download metadata. 6,914 ms
--> setting agent port for jnlp
Dec 28, 2017 8:23:30 AM winstone.Logger logInternal
INFO: JVM is terminating. Shutting down Winstone
